{"E:\\GoIT\\Github\\nodejs-rest-API\\src\\controller\\api\\index.js": {"path":"E:\\GoIT\\Github\\nodejs-rest-API\\src\\controller\\api\\index.js","all":false,"statementMap":{"0":{"start":{"line":1,"column":0},"end":{"line":1,"column":7}},"1":{"start":{"line":2,"column":0},"end":{"line":2,"column":14}},"2":{"start":{"line":3,"column":0},"end":{"line":3,"column":17}},"3":{"start":{"line":4,"column":0},"end":{"line":4,"column":13}},"4":{"start":{"line":5,"column":0},"end":{"line":5,"column":16}},"5":{"start":{"line":6,"column":0},"end":{"line":6,"column":17}},"6":{"start":{"line":7,"column":0},"end":{"line":7,"column":22}},"7":{"start":{"line":8,"column":0},"end":{"line":8,"column":39}},"8":{"start":{"line":9,"column":0},"end":{"line":9,"column":0}},"9":{"start":{"line":10,"column":0},"end":{"line":10,"column":57}},"10":{"start":{"line":11,"column":0},"end":{"line":11,"column":55}},"11":{"start":{"line":12,"column":0},"end":{"line":12,"column":46}},"12":{"start":{"line":13,"column":0},"end":{"line":13,"column":39}},"13":{"start":{"line":14,"column":0},"end":{"line":14,"column":0}},"14":{"start":{"line":15,"column":0},"end":{"line":15,"column":79}},"15":{"start":{"line":16,"column":0},"end":{"line":16,"column":44}},"16":{"start":{"line":17,"column":0},"end":{"line":17,"column":2}},"17":{"start":{"line":18,"column":0},"end":{"line":18,"column":0}},"18":{"start":{"line":19,"column":0},"end":{"line":19,"column":60}},"19":{"start":{"line":20,"column":0},"end":{"line":20,"column":69}},"20":{"start":{"line":21,"column":0},"end":{"line":21,"column":17}},"21":{"start":{"line":22,"column":0},"end":{"line":22,"column":33}},"22":{"start":{"line":23,"column":0},"end":{"line":23,"column":48}},"23":{"start":{"line":24,"column":0},"end":{"line":24,"column":7}},"24":{"start":{"line":25,"column":0},"end":{"line":25,"column":3}},"25":{"start":{"line":26,"column":0},"end":{"line":26,"column":0}},"26":{"start":{"line":27,"column":0},"end":{"line":27,"column":43}},"27":{"start":{"line":28,"column":0},"end":{"line":28,"column":2}},"28":{"start":{"line":29,"column":0},"end":{"line":29,"column":0}},"29":{"start":{"line":30,"column":0},"end":{"line":30,"column":56}},"30":{"start":{"line":31,"column":0},"end":{"line":31,"column":60}},"31":{"start":{"line":32,"column":0},"end":{"line":32,"column":0}},"32":{"start":{"line":33,"column":0},"end":{"line":33,"column":43}},"33":{"start":{"line":34,"column":0},"end":{"line":34,"column":2}},"34":{"start":{"line":35,"column":0},"end":{"line":35,"column":0}},"35":{"start":{"line":36,"column":0},"end":{"line":36,"column":59}},"36":{"start":{"line":37,"column":0},"end":{"line":37,"column":68}},"37":{"start":{"line":38,"column":0},"end":{"line":38,"column":17}},"38":{"start":{"line":39,"column":0},"end":{"line":39,"column":79}},"39":{"start":{"line":40,"column":0},"end":{"line":40,"column":3}},"40":{"start":{"line":41,"column":0},"end":{"line":41,"column":0}},"41":{"start":{"line":42,"column":0},"end":{"line":42,"column":12}},"42":{"start":{"line":43,"column":0},"end":{"line":43,"column":16}},"43":{"start":{"line":44,"column":0},"end":{"line":44,"column":67}},"44":{"start":{"line":45,"column":0},"end":{"line":45,"column":2}},"45":{"start":{"line":46,"column":0},"end":{"line":46,"column":0}},"46":{"start":{"line":47,"column":0},"end":{"line":47,"column":60}},"47":{"start":{"line":48,"column":0},"end":{"line":48,"column":79}},"48":{"start":{"line":49,"column":0},"end":{"line":49,"column":0}},"49":{"start":{"line":50,"column":0},"end":{"line":50,"column":17}},"50":{"start":{"line":51,"column":0},"end":{"line":51,"column":64}},"51":{"start":{"line":52,"column":0},"end":{"line":52,"column":3}},"52":{"start":{"line":53,"column":0},"end":{"line":53,"column":12}},"53":{"start":{"line":54,"column":0},"end":{"line":54,"column":16}},"54":{"start":{"line":55,"column":0},"end":{"line":55,"column":69}},"55":{"start":{"line":56,"column":0},"end":{"line":56,"column":2}},"56":{"start":{"line":57,"column":0},"end":{"line":57,"column":0}},"57":{"start":{"line":58,"column":0},"end":{"line":58,"column":59}},"58":{"start":{"line":59,"column":0},"end":{"line":59,"column":44}},"59":{"start":{"line":60,"column":0},"end":{"line":60,"column":18}},"60":{"start":{"line":61,"column":0},"end":{"line":61,"column":18}},"61":{"start":{"line":62,"column":0},"end":{"line":62,"column":12}},"62":{"start":{"line":63,"column":0},"end":{"line":63,"column":4}},"63":{"start":{"line":64,"column":0},"end":{"line":64,"column":0}},"64":{"start":{"line":65,"column":0},"end":{"line":65,"column":17}},"65":{"start":{"line":66,"column":0},"end":{"line":66,"column":64}},"66":{"start":{"line":67,"column":0},"end":{"line":67,"column":3}},"67":{"start":{"line":68,"column":0},"end":{"line":68,"column":12}},"68":{"start":{"line":69,"column":0},"end":{"line":69,"column":16}},"69":{"start":{"line":70,"column":0},"end":{"line":70,"column":67}},"70":{"start":{"line":71,"column":0},"end":{"line":71,"column":2}},"71":{"start":{"line":72,"column":0},"end":{"line":72,"column":0}},"72":{"start":{"line":73,"column":0},"end":{"line":73,"column":18}},"73":{"start":{"line":74,"column":0},"end":{"line":74,"column":24}},"74":{"start":{"line":75,"column":0},"end":{"line":75,"column":27}},"75":{"start":{"line":76,"column":0},"end":{"line":76,"column":23}},"76":{"start":{"line":77,"column":0},"end":{"line":77,"column":26}},"77":{"start":{"line":78,"column":0},"end":{"line":78,"column":26}},"78":{"start":{"line":79,"column":0},"end":{"line":79,"column":27}},"79":{"start":{"line":80,"column":0},"end":{"line":80,"column":2}}},"s":{"0":1,"1":1,"2":1,"3":1,"4":1,"5":1,"6":1,"7":1,"8":1,"9":1,"10":2,"11":2,"12":2,"13":2,"14":2,"15":1,"16":1,"17":1,"18":1,"19":3,"20":3,"21":1,"22":1,"23":1,"24":1,"25":1,"26":1,"27":1,"28":1,"29":1,"30":2,"31":1,"32":1,"33":1,"34":1,"35":1,"36":3,"37":3,"38":1,"39":1,"40":1,"41":1,"42":1,"43":1,"44":1,"45":1,"46":1,"47":3,"48":2,"49":3,"50":1,"51":1,"52":1,"53":1,"54":1,"55":1,"56":1,"57":1,"58":3,"59":3,"60":3,"61":3,"62":3,"63":2,"64":3,"65":1,"66":1,"67":1,"68":1,"69":1,"70":1,"71":1,"72":1,"73":1,"74":1,"75":1,"76":1,"77":1,"78":1,"79":1},"branchMap":{"0":{"type":"branch","line":10,"loc":{"start":{"line":10,"column":30},"end":{"line":17,"column":2}},"locations":[{"start":{"line":10,"column":30},"end":{"line":17,"column":2}}]},"1":{"type":"branch","line":12,"loc":{"start":{"line":12,"column":31},"end":{"line":12,"column":36}},"locations":[{"start":{"line":12,"column":31},"end":{"line":12,"column":36}}]},"2":{"type":"branch","line":12,"loc":{"start":{"line":12,"column":36},"end":{"line":12,"column":45}},"locations":[{"start":{"line":12,"column":36},"end":{"line":12,"column":45}}]},"3":{"type":"branch","line":15,"loc":{"start":{"line":15,"column":78},"end":{"line":17,"column":2}},"locations":[{"start":{"line":15,"column":78},"end":{"line":17,"column":2}}]},"4":{"type":"branch","line":19,"loc":{"start":{"line":19,"column":33},"end":{"line":28,"column":2}},"locations":[{"start":{"line":19,"column":33},"end":{"line":28,"column":2}}]},"5":{"type":"branch","line":20,"loc":{"start":{"line":20,"column":68},"end":{"line":21,"column":16}},"locations":[{"start":{"line":20,"column":68},"end":{"line":21,"column":16}}]},"6":{"type":"branch","line":21,"loc":{"start":{"line":21,"column":16},"end":{"line":28,"column":2}},"locations":[{"start":{"line":21,"column":16},"end":{"line":28,"column":2}}]},"7":{"type":"branch","line":30,"loc":{"start":{"line":30,"column":29},"end":{"line":34,"column":2}},"locations":[{"start":{"line":30,"column":29},"end":{"line":34,"column":2}}]},"8":{"type":"branch","line":31,"loc":{"start":{"line":31,"column":59},"end":{"line":34,"column":2}},"locations":[{"start":{"line":31,"column":59},"end":{"line":34,"column":2}}]},"9":{"type":"branch","line":36,"loc":{"start":{"line":36,"column":32},"end":{"line":45,"column":2}},"locations":[{"start":{"line":36,"column":32},"end":{"line":45,"column":2}}]},"10":{"type":"branch","line":37,"loc":{"start":{"line":37,"column":67},"end":{"line":38,"column":16}},"locations":[{"start":{"line":37,"column":67},"end":{"line":38,"column":16}}]},"11":{"type":"branch","line":38,"loc":{"start":{"line":38,"column":16},"end":{"line":45,"column":2}},"locations":[{"start":{"line":38,"column":16},"end":{"line":45,"column":2}}]},"12":{"type":"branch","line":47,"loc":{"start":{"line":47,"column":33},"end":{"line":56,"column":2}},"locations":[{"start":{"line":47,"column":33},"end":{"line":56,"column":2}}]},"13":{"type":"branch","line":48,"loc":{"start":{"line":48,"column":78},"end":{"line":50,"column":16}},"locations":[{"start":{"line":48,"column":78},"end":{"line":50,"column":16}}]},"14":{"type":"branch","line":50,"loc":{"start":{"line":50,"column":16},"end":{"line":56,"column":2}},"locations":[{"start":{"line":50,"column":16},"end":{"line":56,"column":2}}]},"15":{"type":"branch","line":58,"loc":{"start":{"line":58,"column":32},"end":{"line":71,"column":2}},"locations":[{"start":{"line":58,"column":32},"end":{"line":71,"column":2}}]},"16":{"type":"branch","line":63,"loc":{"start":{"line":63,"column":3},"end":{"line":65,"column":16}},"locations":[{"start":{"line":63,"column":3},"end":{"line":65,"column":16}}]},"17":{"type":"branch","line":65,"loc":{"start":{"line":65,"column":16},"end":{"line":71,"column":2}},"locations":[{"start":{"line":65,"column":16},"end":{"line":71,"column":2}}]}},"b":{"0":[2],"1":[0],"2":[1],"3":[1],"4":[3],"5":[2],"6":[1],"7":[2],"8":[1],"9":[3],"10":[2],"11":[1],"12":[3],"13":[2],"14":[1],"15":[3],"16":[2],"17":[1]},"fnMap":{"0":{"name":"getContactsController","decl":{"start":{"line":10,"column":30},"end":{"line":17,"column":2}},"loc":{"start":{"line":10,"column":30},"end":{"line":17,"column":2}},"line":10},"1":{"name":"getContactByIdController","decl":{"start":{"line":19,"column":33},"end":{"line":28,"column":2}},"loc":{"start":{"line":19,"column":33},"end":{"line":28,"column":2}},"line":19},"2":{"name":"addContactController","decl":{"start":{"line":30,"column":29},"end":{"line":34,"column":2}},"loc":{"start":{"line":30,"column":29},"end":{"line":34,"column":2}},"line":30},"3":{"name":"deleteContactController","decl":{"start":{"line":36,"column":32},"end":{"line":45,"column":2}},"loc":{"start":{"line":36,"column":32},"end":{"line":45,"column":2}},"line":36},"4":{"name":"replaceContactController","decl":{"start":{"line":47,"column":33},"end":{"line":56,"column":2}},"loc":{"start":{"line":47,"column":33},"end":{"line":56,"column":2}},"line":47},"5":{"name":"updateContactController","decl":{"start":{"line":58,"column":32},"end":{"line":71,"column":2}},"loc":{"start":{"line":58,"column":32},"end":{"line":71,"column":2}},"line":58}},"f":{"0":2,"1":3,"2":2,"3":3,"4":3,"5":3}}
,"E:\\GoIT\\Github\\nodejs-rest-API\\src\\controller\\auth\\index.js": {"path":"E:\\GoIT\\Github\\nodejs-rest-API\\src\\controller\\auth\\index.js","all":false,"statementMap":{"0":{"start":{"line":1,"column":0},"end":{"line":1,"column":35}},"1":{"start":{"line":2,"column":0},"end":{"line":2,"column":36}},"2":{"start":{"line":3,"column":0},"end":{"line":3,"column":37}},"3":{"start":{"line":4,"column":0},"end":{"line":4,"column":0}},"4":{"start":{"line":5,"column":0},"end":{"line":5,"column":7}},"5":{"start":{"line":6,"column":0},"end":{"line":6,"column":15}},"6":{"start":{"line":7,"column":0},"end":{"line":7,"column":12}},"7":{"start":{"line":8,"column":0},"end":{"line":8,"column":11}},"8":{"start":{"line":9,"column":0},"end":{"line":9,"column":19}},"9":{"start":{"line":10,"column":0},"end":{"line":10,"column":34}},"10":{"start":{"line":11,"column":0},"end":{"line":11,"column":0}},"11":{"start":{"line":12,"column":0},"end":{"line":12,"column":58}},"12":{"start":{"line":13,"column":0},"end":{"line":13,"column":44}},"13":{"start":{"line":14,"column":0},"end":{"line":14,"column":78}},"14":{"start":{"line":15,"column":0},"end":{"line":15,"column":20}},"15":{"start":{"line":16,"column":0},"end":{"line":16,"column":57}},"16":{"start":{"line":17,"column":0},"end":{"line":17,"column":2}},"17":{"start":{"line":18,"column":0},"end":{"line":18,"column":0}},"18":{"start":{"line":19,"column":0},"end":{"line":19,"column":51}},"19":{"start":{"line":20,"column":0},"end":{"line":20,"column":47}},"20":{"start":{"line":21,"column":0},"end":{"line":21,"column":14}},"21":{"start":{"line":22,"column":0},"end":{"line":22,"column":75}},"22":{"start":{"line":23,"column":0},"end":{"line":23,"column":3}},"23":{"start":{"line":24,"column":0},"end":{"line":24,"column":0}},"24":{"start":{"line":25,"column":0},"end":{"line":25,"column":80}},"25":{"start":{"line":26,"column":0},"end":{"line":26,"column":24}},"26":{"start":{"line":27,"column":0},"end":{"line":27,"column":75}},"27":{"start":{"line":28,"column":0},"end":{"line":28,"column":3}},"28":{"start":{"line":29,"column":0},"end":{"line":29,"column":0}},"29":{"start":{"line":30,"column":0},"end":{"line":30,"column":68}},"30":{"start":{"line":31,"column":0},"end":{"line":31,"column":20}},"31":{"start":{"line":32,"column":0},"end":{"line":32,"column":5}},"32":{"start":{"line":33,"column":0},"end":{"line":33,"column":20}},"33":{"start":{"line":34,"column":0},"end":{"line":34,"column":0}},"34":{"start":{"line":35,"column":0},"end":{"line":35,"column":76}},"35":{"start":{"line":36,"column":0},"end":{"line":36,"column":2}},"36":{"start":{"line":37,"column":0},"end":{"line":37,"column":0}},"37":{"start":{"line":38,"column":0},"end":{"line":38,"column":52}},"38":{"start":{"line":39,"column":0},"end":{"line":39,"column":45}},"39":{"start":{"line":40,"column":0},"end":{"line":40,"column":14}},"40":{"start":{"line":41,"column":0},"end":{"line":41,"column":63}},"41":{"start":{"line":42,"column":0},"end":{"line":42,"column":3}},"42":{"start":{"line":43,"column":0},"end":{"line":43,"column":0}},"43":{"start":{"line":44,"column":0},"end":{"line":44,"column":18}},"44":{"start":{"line":45,"column":0},"end":{"line":45,"column":20}},"45":{"start":{"line":46,"column":0},"end":{"line":46,"column":34}},"46":{"start":{"line":47,"column":0},"end":{"line":47,"column":2}},"47":{"start":{"line":48,"column":0},"end":{"line":48,"column":0}},"48":{"start":{"line":49,"column":0},"end":{"line":49,"column":57}},"49":{"start":{"line":50,"column":0},"end":{"line":50,"column":45}},"50":{"start":{"line":51,"column":0},"end":{"line":51,"column":14}},"51":{"start":{"line":52,"column":0},"end":{"line":52,"column":63}},"52":{"start":{"line":53,"column":0},"end":{"line":53,"column":3}},"53":{"start":{"line":54,"column":0},"end":{"line":54,"column":57}},"54":{"start":{"line":55,"column":0},"end":{"line":55,"column":2}},"55":{"start":{"line":56,"column":0},"end":{"line":56,"column":0}},"56":{"start":{"line":57,"column":0},"end":{"line":57,"column":62}},"57":{"start":{"line":58,"column":0},"end":{"line":58,"column":70}},"58":{"start":{"line":59,"column":0},"end":{"line":59,"column":21}},"59":{"start":{"line":60,"column":0},"end":{"line":60,"column":63}},"60":{"start":{"line":61,"column":0},"end":{"line":61,"column":3}},"61":{"start":{"line":62,"column":0},"end":{"line":62,"column":66}},"62":{"start":{"line":63,"column":0},"end":{"line":63,"column":2}},"63":{"start":{"line":64,"column":0},"end":{"line":64,"column":0}},"64":{"start":{"line":65,"column":0},"end":{"line":65,"column":18}},"65":{"start":{"line":66,"column":0},"end":{"line":66,"column":25}},"66":{"start":{"line":67,"column":0},"end":{"line":67,"column":18}},"67":{"start":{"line":68,"column":0},"end":{"line":68,"column":19}},"68":{"start":{"line":69,"column":0},"end":{"line":69,"column":24}},"69":{"start":{"line":70,"column":0},"end":{"line":70,"column":29}},"70":{"start":{"line":71,"column":0},"end":{"line":71,"column":2}}},"s":{"0":1,"1":1,"2":1,"3":1,"4":1,"5":1,"6":1,"7":1,"8":1,"9":1,"10":1,"11":1,"12":1,"13":1,"14":1,"15":1,"16":1,"17":1,"18":1,"19":4,"20":4,"21":1,"22":1,"23":2,"24":2,"25":4,"26":1,"27":1,"28":1,"29":1,"30":1,"31":1,"32":1,"33":1,"34":1,"35":1,"36":1,"37":1,"38":3,"39":3,"40":1,"41":1,"42":2,"43":2,"44":2,"45":2,"46":2,"47":1,"48":1,"49":3,"50":3,"51":1,"52":1,"53":1,"54":1,"55":1,"56":1,"57":3,"58":3,"59":1,"60":1,"61":1,"62":1,"63":1,"64":1,"65":1,"66":1,"67":1,"68":1,"69":1,"70":1},"branchMap":{"0":{"type":"branch","line":12,"loc":{"start":{"line":12,"column":31},"end":{"line":17,"column":2}},"locations":[{"start":{"line":12,"column":31},"end":{"line":17,"column":2}}]},"1":{"type":"branch","line":19,"loc":{"start":{"line":19,"column":24},"end":{"line":36,"column":2}},"locations":[{"start":{"line":19,"column":24},"end":{"line":36,"column":2}}]},"2":{"type":"branch","line":20,"loc":{"start":{"line":20,"column":46},"end":{"line":21,"column":13}},"locations":[{"start":{"line":20,"column":46},"end":{"line":21,"column":13}}]},"3":{"type":"branch","line":21,"loc":{"start":{"line":21,"column":13},"end":{"line":23,"column":3}},"locations":[{"start":{"line":21,"column":13},"end":{"line":23,"column":3}}]},"4":{"type":"branch","line":23,"loc":{"start":{"line":23,"column":2},"end":{"line":26,"column":23}},"locations":[{"start":{"line":23,"column":2},"end":{"line":26,"column":23}}]},"5":{"type":"branch","line":26,"loc":{"start":{"line":26,"column":23},"end":{"line":36,"column":2}},"locations":[{"start":{"line":26,"column":23},"end":{"line":36,"column":2}}]},"6":{"type":"branch","line":38,"loc":{"start":{"line":38,"column":25},"end":{"line":47,"column":2}},"locations":[{"start":{"line":38,"column":25},"end":{"line":47,"column":2}}]},"7":{"type":"branch","line":40,"loc":{"start":{"line":40,"column":13},"end":{"line":42,"column":3}},"locations":[{"start":{"line":40,"column":13},"end":{"line":42,"column":3}}]},"8":{"type":"branch","line":42,"loc":{"start":{"line":42,"column":2},"end":{"line":47,"column":2}},"locations":[{"start":{"line":42,"column":2},"end":{"line":47,"column":2}}]},"9":{"type":"branch","line":49,"loc":{"start":{"line":49,"column":30},"end":{"line":55,"column":2}},"locations":[{"start":{"line":49,"column":30},"end":{"line":55,"column":2}}]},"10":{"type":"branch","line":50,"loc":{"start":{"line":50,"column":44},"end":{"line":51,"column":13}},"locations":[{"start":{"line":50,"column":44},"end":{"line":51,"column":13}}]},"11":{"type":"branch","line":51,"loc":{"start":{"line":51,"column":13},"end":{"line":55,"column":2}},"locations":[{"start":{"line":51,"column":13},"end":{"line":55,"column":2}}]},"12":{"type":"branch","line":57,"loc":{"start":{"line":57,"column":35},"end":{"line":63,"column":2}},"locations":[{"start":{"line":57,"column":35},"end":{"line":63,"column":2}}]},"13":{"type":"branch","line":58,"loc":{"start":{"line":58,"column":69},"end":{"line":59,"column":20}},"locations":[{"start":{"line":58,"column":69},"end":{"line":59,"column":20}}]},"14":{"type":"branch","line":59,"loc":{"start":{"line":59,"column":20},"end":{"line":63,"column":2}},"locations":[{"start":{"line":59,"column":20},"end":{"line":63,"column":2}}]}},"b":{"0":[1],"1":[4],"2":[3],"3":[1],"4":[2],"5":[1],"6":[3],"7":[1],"8":[2],"9":[3],"10":[2],"11":[1],"12":[3],"13":[2],"14":[1]},"fnMap":{"0":{"name":"registrationController","decl":{"start":{"line":12,"column":31},"end":{"line":17,"column":2}},"loc":{"start":{"line":12,"column":31},"end":{"line":17,"column":2}},"line":12},"1":{"name":"loginController","decl":{"start":{"line":19,"column":24},"end":{"line":36,"column":2}},"loc":{"start":{"line":19,"column":24},"end":{"line":36,"column":2}},"line":19},"2":{"name":"logOutController","decl":{"start":{"line":38,"column":25},"end":{"line":47,"column":2}},"loc":{"start":{"line":38,"column":25},"end":{"line":47,"column":2}},"line":38},"3":{"name":"currentUserController","decl":{"start":{"line":49,"column":30},"end":{"line":55,"column":2}},"loc":{"start":{"line":49,"column":30},"end":{"line":55,"column":2}},"line":49},"4":{"name":"updateUserStatusController","decl":{"start":{"line":57,"column":35},"end":{"line":63,"column":2}},"loc":{"start":{"line":57,"column":35},"end":{"line":63,"column":2}},"line":57}},"f":{"0":1,"1":4,"2":3,"3":3,"4":3}}
,"E:\\GoIT\\Github\\nodejs-rest-API\\src\\middlewares\\checkJWT.js": {"path":"E:\\GoIT\\Github\\nodejs-rest-API\\src\\middlewares\\checkJWT.js","all":false,"statementMap":{"0":{"start":{"line":1,"column":0},"end":{"line":1,"column":36}},"1":{"start":{"line":2,"column":0},"end":{"line":2,"column":54}},"2":{"start":{"line":3,"column":0},"end":{"line":3,"column":0}},"3":{"start":{"line":4,"column":0},"end":{"line":4,"column":38}},"4":{"start":{"line":5,"column":0},"end":{"line":5,"column":7}},"5":{"start":{"line":6,"column":0},"end":{"line":6,"column":42}},"6":{"start":{"line":7,"column":0},"end":{"line":7,"column":0}},"7":{"start":{"line":8,"column":0},"end":{"line":8,"column":25}},"8":{"start":{"line":9,"column":0},"end":{"line":9,"column":65}},"9":{"start":{"line":10,"column":0},"end":{"line":10,"column":5}},"10":{"start":{"line":11,"column":0},"end":{"line":11,"column":0}},"11":{"start":{"line":12,"column":0},"end":{"line":12,"column":59}},"12":{"start":{"line":13,"column":0},"end":{"line":13,"column":17}},"13":{"start":{"line":14,"column":0},"end":{"line":14,"column":65}},"14":{"start":{"line":15,"column":0},"end":{"line":15,"column":5}},"15":{"start":{"line":16,"column":0},"end":{"line":16,"column":0}},"16":{"start":{"line":17,"column":0},"end":{"line":17,"column":78}},"17":{"start":{"line":18,"column":0},"end":{"line":18,"column":16}},"18":{"start":{"line":19,"column":0},"end":{"line":19,"column":67}},"19":{"start":{"line":20,"column":0},"end":{"line":20,"column":7}},"20":{"start":{"line":21,"column":0},"end":{"line":21,"column":0}},"21":{"start":{"line":22,"column":0},"end":{"line":22,"column":48}},"22":{"start":{"line":23,"column":0},"end":{"line":23,"column":42}},"23":{"start":{"line":24,"column":0},"end":{"line":24,"column":67}},"24":{"start":{"line":25,"column":0},"end":{"line":25,"column":7}},"25":{"start":{"line":26,"column":0},"end":{"line":26,"column":0}},"26":{"start":{"line":27,"column":0},"end":{"line":27,"column":27}},"27":{"start":{"line":28,"column":0},"end":{"line":28,"column":13}},"28":{"start":{"line":29,"column":0},"end":{"line":29,"column":7}},"29":{"start":{"line":30,"column":0},"end":{"line":30,"column":19}},"30":{"start":{"line":31,"column":0},"end":{"line":31,"column":16}},"31":{"start":{"line":32,"column":0},"end":{"line":32,"column":3}},"32":{"start":{"line":33,"column":0},"end":{"line":33,"column":2}},"33":{"start":{"line":34,"column":0},"end":{"line":34,"column":0}},"34":{"start":{"line":35,"column":0},"end":{"line":35,"column":30}}},"s":{"0":1,"1":1,"2":1,"3":1,"4":7,"5":7,"6":7,"7":7,"8":1,"9":1,"10":5,"11":5,"12":7,"13":1,"14":1,"15":4,"16":4,"17":4,"18":1,"19":1,"20":3,"21":3,"22":4,"23":2,"24":2,"25":1,"26":1,"27":1,"28":4,"29":7,"30":1,"31":1,"32":7,"33":1,"34":1},"branchMap":{"0":{"type":"branch","line":4,"loc":{"start":{"line":4,"column":17},"end":{"line":33,"column":2}},"locations":[{"start":{"line":4,"column":17},"end":{"line":33,"column":2}}]},"1":{"type":"branch","line":8,"loc":{"start":{"line":8,"column":24},"end":{"line":10,"column":5}},"locations":[{"start":{"line":8,"column":24},"end":{"line":10,"column":5}}]},"2":{"type":"branch","line":10,"loc":{"start":{"line":10,"column":4},"end":{"line":13,"column":16}},"locations":[{"start":{"line":10,"column":4},"end":{"line":13,"column":16}}]},"3":{"type":"branch","line":13,"loc":{"start":{"line":13,"column":16},"end":{"line":15,"column":5}},"locations":[{"start":{"line":13,"column":16},"end":{"line":15,"column":5}}]},"4":{"type":"branch","line":15,"loc":{"start":{"line":15,"column":4},"end":{"line":30,"column":4}},"locations":[{"start":{"line":15,"column":4},"end":{"line":30,"column":4}}]},"5":{"type":"branch","line":30,"loc":{"start":{"line":30,"column":4},"end":{"line":32,"column":3}},"locations":[{"start":{"line":30,"column":4},"end":{"line":32,"column":3}}]},"6":{"type":"branch","line":17,"loc":{"start":{"line":17,"column":46},"end":{"line":29,"column":5}},"locations":[{"start":{"line":17,"column":46},"end":{"line":29,"column":5}}]},"7":{"type":"branch","line":18,"loc":{"start":{"line":18,"column":15},"end":{"line":20,"column":7}},"locations":[{"start":{"line":18,"column":15},"end":{"line":20,"column":7}}]},"8":{"type":"branch","line":20,"loc":{"start":{"line":20,"column":6},"end":{"line":23,"column":19}},"locations":[{"start":{"line":20,"column":6},"end":{"line":23,"column":19}}]},"9":{"type":"branch","line":23,"loc":{"start":{"line":23,"column":15},"end":{"line":23,"column":39}},"locations":[{"start":{"line":23,"column":15},"end":{"line":23,"column":39}}]},"10":{"type":"branch","line":23,"loc":{"start":{"line":23,"column":41},"end":{"line":25,"column":7}},"locations":[{"start":{"line":23,"column":41},"end":{"line":25,"column":7}}]},"11":{"type":"branch","line":25,"loc":{"start":{"line":25,"column":6},"end":{"line":29,"column":5}},"locations":[{"start":{"line":25,"column":6},"end":{"line":29,"column":5}}]}},"b":{"0":[7],"1":[1],"2":[5],"3":[1],"4":[4],"5":[1],"6":[4],"7":[1],"8":[3],"9":[2],"10":[2],"11":[1]},"fnMap":{"0":{"name":"checkJwt","decl":{"start":{"line":4,"column":17},"end":{"line":33,"column":2}},"loc":{"start":{"line":4,"column":17},"end":{"line":33,"column":2}},"line":4}},"f":{"0":7}}
,"E:\\GoIT\\Github\\nodejs-rest-API\\src\\service\\api\\index.js": {"path":"E:\\GoIT\\Github\\nodejs-rest-API\\src\\service\\api\\index.js","all":false,"statementMap":{"0":{"start":{"line":1,"column":0},"end":{"line":1,"column":46}},"1":{"start":{"line":2,"column":0},"end":{"line":2,"column":0}},"2":{"start":{"line":3,"column":0},"end":{"line":3,"column":65}},"3":{"start":{"line":4,"column":0},"end":{"line":4,"column":7}},"4":{"start":{"line":5,"column":0},"end":{"line":5,"column":31}},"5":{"start":{"line":6,"column":0},"end":{"line":6,"column":12}},"6":{"start":{"line":7,"column":0},"end":{"line":7,"column":77}},"7":{"start":{"line":8,"column":0},"end":{"line":8,"column":6}},"8":{"start":{"line":9,"column":0},"end":{"line":9,"column":17}},"9":{"start":{"line":10,"column":0},"end":{"line":10,"column":24}},"10":{"start":{"line":11,"column":0},"end":{"line":11,"column":20}},"11":{"start":{"line":12,"column":0},"end":{"line":12,"column":2}},"12":{"start":{"line":13,"column":0},"end":{"line":13,"column":0}},"13":{"start":{"line":14,"column":0},"end":{"line":14,"column":45}},"14":{"start":{"line":15,"column":0},"end":{"line":15,"column":7}},"15":{"start":{"line":16,"column":0},"end":{"line":16,"column":53}},"16":{"start":{"line":17,"column":0},"end":{"line":17,"column":20}},"17":{"start":{"line":18,"column":0},"end":{"line":18,"column":2}},"18":{"start":{"line":19,"column":0},"end":{"line":19,"column":0}},"19":{"start":{"line":20,"column":0},"end":{"line":20,"column":45}},"20":{"start":{"line":21,"column":0},"end":{"line":21,"column":7}},"21":{"start":{"line":22,"column":0},"end":{"line":22,"column":54}},"22":{"start":{"line":23,"column":0},"end":{"line":23,"column":20}},"23":{"start":{"line":24,"column":0},"end":{"line":24,"column":2}},"24":{"start":{"line":25,"column":0},"end":{"line":25,"column":0}},"25":{"start":{"line":26,"column":0},"end":{"line":26,"column":44}},"26":{"start":{"line":27,"column":0},"end":{"line":27,"column":7}},"27":{"start":{"line":28,"column":0},"end":{"line":28,"column":62}},"28":{"start":{"line":29,"column":0},"end":{"line":29,"column":20}},"29":{"start":{"line":30,"column":0},"end":{"line":30,"column":2}},"30":{"start":{"line":31,"column":0},"end":{"line":31,"column":0}},"31":{"start":{"line":32,"column":0},"end":{"line":32,"column":53}},"32":{"start":{"line":33,"column":0},"end":{"line":33,"column":7}},"33":{"start":{"line":34,"column":0},"end":{"line":34,"column":43}},"34":{"start":{"line":35,"column":0},"end":{"line":35,"column":25}},"35":{"start":{"line":36,"column":0},"end":{"line":36,"column":26}},"36":{"start":{"line":37,"column":0},"end":{"line":37,"column":6}},"37":{"start":{"line":38,"column":0},"end":{"line":38,"column":20}},"38":{"start":{"line":39,"column":0},"end":{"line":39,"column":2}},"39":{"start":{"line":40,"column":0},"end":{"line":40,"column":0}},"40":{"start":{"line":41,"column":0},"end":{"line":41,"column":58}},"41":{"start":{"line":42,"column":0},"end":{"line":42,"column":7}},"42":{"start":{"line":43,"column":0},"end":{"line":43,"column":71}},"43":{"start":{"line":44,"column":0},"end":{"line":44,"column":16}},"44":{"start":{"line":45,"column":0},"end":{"line":45,"column":26}},"45":{"start":{"line":46,"column":0},"end":{"line":46,"column":7}},"46":{"start":{"line":47,"column":0},"end":{"line":47,"column":20}},"47":{"start":{"line":48,"column":0},"end":{"line":48,"column":2}},"48":{"start":{"line":49,"column":0},"end":{"line":49,"column":0}},"49":{"start":{"line":50,"column":0},"end":{"line":50,"column":18}},"50":{"start":{"line":51,"column":0},"end":{"line":51,"column":14}},"51":{"start":{"line":52,"column":0},"end":{"line":52,"column":17}},"52":{"start":{"line":53,"column":0},"end":{"line":53,"column":13}},"53":{"start":{"line":54,"column":0},"end":{"line":54,"column":16}},"54":{"start":{"line":55,"column":0},"end":{"line":55,"column":17}},"55":{"start":{"line":56,"column":0},"end":{"line":56,"column":22}},"56":{"start":{"line":57,"column":0},"end":{"line":57,"column":2}}},"s":{"0":1,"1":1,"2":1,"3":2,"4":2,"5":2,"6":2,"7":2,"8":2,"9":2,"10":2,"11":2,"12":1,"13":1,"14":3,"15":3,"16":3,"17":3,"18":1,"19":1,"20":2,"21":2,"22":2,"23":2,"24":1,"25":1,"26":3,"27":3,"28":3,"29":3,"30":1,"31":1,"32":3,"33":3,"34":3,"35":3,"36":3,"37":3,"38":3,"39":1,"40":1,"41":3,"42":3,"43":3,"44":3,"45":3,"46":3,"47":3,"48":1,"49":1,"50":1,"51":1,"52":1,"53":1,"54":1,"55":1,"56":1},"branchMap":{"0":{"type":"branch","line":3,"loc":{"start":{"line":3,"column":20},"end":{"line":12,"column":2}},"locations":[{"start":{"line":3,"column":20},"end":{"line":12,"column":2}}]},"1":{"type":"branch","line":14,"loc":{"start":{"line":14,"column":23},"end":{"line":18,"column":2}},"locations":[{"start":{"line":14,"column":23},"end":{"line":18,"column":2}}]},"2":{"type":"branch","line":17,"loc":{"start":{"line":17,"column":4},"end":{"line":17,"column":20}},"locations":[{"start":{"line":17,"column":4},"end":{"line":17,"column":20}}]},"3":{"type":"branch","line":20,"loc":{"start":{"line":20,"column":19},"end":{"line":24,"column":2}},"locations":[{"start":{"line":20,"column":19},"end":{"line":24,"column":2}}]},"4":{"type":"branch","line":23,"loc":{"start":{"line":23,"column":4},"end":{"line":23,"column":20}},"locations":[{"start":{"line":23,"column":4},"end":{"line":23,"column":20}}]},"5":{"type":"branch","line":26,"loc":{"start":{"line":26,"column":22},"end":{"line":30,"column":2}},"locations":[{"start":{"line":26,"column":22},"end":{"line":30,"column":2}}]},"6":{"type":"branch","line":29,"loc":{"start":{"line":29,"column":4},"end":{"line":29,"column":20}},"locations":[{"start":{"line":29,"column":4},"end":{"line":29,"column":20}}]},"7":{"type":"branch","line":32,"loc":{"start":{"line":32,"column":23},"end":{"line":39,"column":2}},"locations":[{"start":{"line":32,"column":23},"end":{"line":39,"column":2}}]},"8":{"type":"branch","line":38,"loc":{"start":{"line":38,"column":4},"end":{"line":38,"column":20}},"locations":[{"start":{"line":38,"column":4},"end":{"line":38,"column":20}}]},"9":{"type":"branch","line":41,"loc":{"start":{"line":41,"column":28},"end":{"line":48,"column":2}},"locations":[{"start":{"line":41,"column":28},"end":{"line":48,"column":2}}]},"10":{"type":"branch","line":47,"loc":{"start":{"line":47,"column":4},"end":{"line":47,"column":20}},"locations":[{"start":{"line":47,"column":4},"end":{"line":47,"column":20}}]}},"b":{"0":[2],"1":[3],"2":[1],"3":[2],"4":[1],"5":[3],"6":[1],"7":[3],"8":[1],"9":[3],"10":[1]},"fnMap":{"0":{"name":"getContacts","decl":{"start":{"line":3,"column":20},"end":{"line":12,"column":2}},"loc":{"start":{"line":3,"column":20},"end":{"line":12,"column":2}},"line":3},"1":{"name":"getContactById","decl":{"start":{"line":14,"column":23},"end":{"line":18,"column":2}},"loc":{"start":{"line":14,"column":23},"end":{"line":18,"column":2}},"line":14},"2":{"name":"addContact","decl":{"start":{"line":20,"column":19},"end":{"line":24,"column":2}},"loc":{"start":{"line":20,"column":19},"end":{"line":24,"column":2}},"line":20},"3":{"name":"deleteContact","decl":{"start":{"line":26,"column":22},"end":{"line":30,"column":2}},"loc":{"start":{"line":26,"column":22},"end":{"line":30,"column":2}},"line":26},"4":{"name":"replaceContact","decl":{"start":{"line":32,"column":23},"end":{"line":39,"column":2}},"loc":{"start":{"line":32,"column":23},"end":{"line":39,"column":2}},"line":32},"5":{"name":"updateStatusContact","decl":{"start":{"line":41,"column":28},"end":{"line":48,"column":2}},"loc":{"start":{"line":41,"column":28},"end":{"line":48,"column":2}},"line":41}},"f":{"0":2,"1":3,"2":2,"3":3,"4":3,"5":3}}
,"E:\\GoIT\\Github\\nodejs-rest-API\\src\\service\\auth\\index.js": {"path":"E:\\GoIT\\Github\\nodejs-rest-API\\src\\service\\auth\\index.js","all":false,"statementMap":{"0":{"start":{"line":1,"column":0},"end":{"line":1,"column":40}},"1":{"start":{"line":2,"column":0},"end":{"line":2,"column":0}},"2":{"start":{"line":3,"column":0},"end":{"line":3,"column":40}},"3":{"start":{"line":4,"column":0},"end":{"line":4,"column":7}},"4":{"start":{"line":5,"column":0},"end":{"line":5,"column":37}},"5":{"start":{"line":6,"column":0},"end":{"line":6,"column":20}},"6":{"start":{"line":7,"column":0},"end":{"line":7,"column":2}},"7":{"start":{"line":8,"column":0},"end":{"line":8,"column":0}},"8":{"start":{"line":9,"column":0},"end":{"line":9,"column":36}},"9":{"start":{"line":10,"column":0},"end":{"line":10,"column":7}},"10":{"start":{"line":11,"column":0},"end":{"line":11,"column":41}},"11":{"start":{"line":12,"column":0},"end":{"line":12,"column":20}},"12":{"start":{"line":13,"column":0},"end":{"line":13,"column":2}},"13":{"start":{"line":14,"column":0},"end":{"line":14,"column":0}},"14":{"start":{"line":15,"column":0},"end":{"line":15,"column":33}},"15":{"start":{"line":16,"column":0},"end":{"line":16,"column":7}},"16":{"start":{"line":17,"column":0},"end":{"line":17,"column":40}},"17":{"start":{"line":18,"column":0},"end":{"line":18,"column":20}},"18":{"start":{"line":19,"column":0},"end":{"line":19,"column":2}},"19":{"start":{"line":20,"column":0},"end":{"line":20,"column":0}},"20":{"start":{"line":21,"column":0},"end":{"line":21,"column":53}},"21":{"start":{"line":22,"column":0},"end":{"line":22,"column":7}},"22":{"start":{"line":23,"column":0},"end":{"line":23,"column":66}},"23":{"start":{"line":24,"column":0},"end":{"line":24,"column":16}},"24":{"start":{"line":25,"column":0},"end":{"line":25,"column":26}},"25":{"start":{"line":26,"column":0},"end":{"line":26,"column":7}},"26":{"start":{"line":27,"column":0},"end":{"line":27,"column":20}},"27":{"start":{"line":28,"column":0},"end":{"line":28,"column":2}},"28":{"start":{"line":29,"column":0},"end":{"line":29,"column":0}},"29":{"start":{"line":30,"column":0},"end":{"line":30,"column":18}},"30":{"start":{"line":31,"column":0},"end":{"line":31,"column":15}},"31":{"start":{"line":32,"column":0},"end":{"line":32,"column":12}},"32":{"start":{"line":33,"column":0},"end":{"line":33,"column":11}},"33":{"start":{"line":34,"column":0},"end":{"line":34,"column":19}},"34":{"start":{"line":35,"column":0},"end":{"line":35,"column":2}}},"s":{"0":1,"1":1,"2":1,"3":2,"4":2,"5":2,"6":2,"7":1,"8":1,"9":4,"10":4,"11":4,"12":4,"13":1,"14":1,"15":9,"16":9,"17":9,"18":9,"19":1,"20":1,"21":3,"22":3,"23":3,"24":3,"25":3,"26":3,"27":3,"28":1,"29":1,"30":1,"31":1,"32":1,"33":1,"34":1},"branchMap":{"0":{"type":"branch","line":3,"loc":{"start":{"line":3,"column":21},"end":{"line":7,"column":2}},"locations":[{"start":{"line":3,"column":21},"end":{"line":7,"column":2}}]},"1":{"type":"branch","line":6,"loc":{"start":{"line":6,"column":4},"end":{"line":6,"column":20}},"locations":[{"start":{"line":6,"column":4},"end":{"line":6,"column":20}}]},"2":{"type":"branch","line":9,"loc":{"start":{"line":9,"column":18},"end":{"line":13,"column":2}},"locations":[{"start":{"line":9,"column":18},"end":{"line":13,"column":2}}]},"3":{"type":"branch","line":12,"loc":{"start":{"line":12,"column":4},"end":{"line":12,"column":20}},"locations":[{"start":{"line":12,"column":4},"end":{"line":12,"column":20}}]},"4":{"type":"branch","line":15,"loc":{"start":{"line":15,"column":17},"end":{"line":19,"column":2}},"locations":[{"start":{"line":15,"column":17},"end":{"line":19,"column":2}}]},"5":{"type":"branch","line":18,"loc":{"start":{"line":18,"column":4},"end":{"line":18,"column":20}},"locations":[{"start":{"line":18,"column":4},"end":{"line":18,"column":20}}]},"6":{"type":"branch","line":21,"loc":{"start":{"line":21,"column":25},"end":{"line":28,"column":2}},"locations":[{"start":{"line":21,"column":25},"end":{"line":28,"column":2}}]},"7":{"type":"branch","line":27,"loc":{"start":{"line":27,"column":4},"end":{"line":27,"column":20}},"locations":[{"start":{"line":27,"column":4},"end":{"line":27,"column":20}}]}},"b":{"0":[2],"1":[1],"2":[4],"3":[1],"4":[9],"5":[1],"6":[3],"7":[1]},"fnMap":{"0":{"name":"registerUser","decl":{"start":{"line":3,"column":21},"end":{"line":7,"column":2}},"loc":{"start":{"line":3,"column":21},"end":{"line":7,"column":2}},"line":3},"1":{"name":"loginUser","decl":{"start":{"line":9,"column":18},"end":{"line":13,"column":2}},"loc":{"start":{"line":9,"column":18},"end":{"line":13,"column":2}},"line":9},"2":{"name":"findUser","decl":{"start":{"line":15,"column":17},"end":{"line":19,"column":2}},"loc":{"start":{"line":15,"column":17},"end":{"line":19,"column":2}},"line":15},"3":{"name":"updateUserStatus","decl":{"start":{"line":21,"column":25},"end":{"line":28,"column":2}},"loc":{"start":{"line":21,"column":25},"end":{"line":28,"column":2}},"line":21}},"f":{"0":2,"1":4,"2":9,"3":3}}
,"E:\\GoIT\\Github\\nodejs-rest-API\\src\\service\\schemas\\contact.js": {"path":"E:\\GoIT\\Github\\nodejs-rest-API\\src\\service\\schemas\\contact.js","all":false,"statementMap":{"0":{"start":{"line":1,"column":0},"end":{"line":1,"column":46}},"1":{"start":{"line":2,"column":0},"end":{"line":2,"column":0}},"2":{"start":{"line":3,"column":0},"end":{"line":3,"column":27}},"3":{"start":{"line":4,"column":0},"end":{"line":4,"column":3}},"4":{"start":{"line":5,"column":0},"end":{"line":5,"column":11}},"5":{"start":{"line":6,"column":0},"end":{"line":6,"column":19}},"6":{"start":{"line":7,"column":0},"end":{"line":7,"column":47}},"7":{"start":{"line":8,"column":0},"end":{"line":8,"column":6}},"8":{"start":{"line":9,"column":0},"end":{"line":9,"column":0}},"9":{"start":{"line":10,"column":0},"end":{"line":10,"column":12}},"10":{"start":{"line":11,"column":0},"end":{"line":11,"column":19}},"11":{"start":{"line":12,"column":0},"end":{"line":12,"column":21}},"12":{"start":{"line":13,"column":0},"end":{"line":13,"column":6}},"13":{"start":{"line":14,"column":0},"end":{"line":14,"column":12}},"14":{"start":{"line":15,"column":0},"end":{"line":15,"column":19}},"15":{"start":{"line":16,"column":0},"end":{"line":16,"column":21}},"16":{"start":{"line":17,"column":0},"end":{"line":17,"column":6}},"17":{"start":{"line":18,"column":0},"end":{"line":18,"column":15}},"18":{"start":{"line":19,"column":0},"end":{"line":19,"column":20}},"19":{"start":{"line":20,"column":0},"end":{"line":20,"column":21}},"20":{"start":{"line":21,"column":0},"end":{"line":21,"column":6}},"21":{"start":{"line":22,"column":0},"end":{"line":22,"column":12}},"22":{"start":{"line":23,"column":0},"end":{"line":23,"column":34}},"23":{"start":{"line":24,"column":0},"end":{"line":24,"column":18}},"24":{"start":{"line":25,"column":0},"end":{"line":25,"column":6}},"25":{"start":{"line":26,"column":0},"end":{"line":26,"column":4}},"26":{"start":{"line":27,"column":0},"end":{"line":27,"column":41}},"27":{"start":{"line":28,"column":0},"end":{"line":28,"column":2}},"28":{"start":{"line":29,"column":0},"end":{"line":29,"column":0}},"29":{"start":{"line":30,"column":0},"end":{"line":30,"column":42}},"30":{"start":{"line":31,"column":0},"end":{"line":31,"column":25}}},"s":{"0":1,"1":1,"2":1,"3":1,"4":1,"5":1,"6":1,"7":1,"8":1,"9":1,"10":1,"11":1,"12":1,"13":1,"14":1,"15":1,"16":1,"17":1,"18":1,"19":1,"20":1,"21":1,"22":1,"23":1,"24":1,"25":1,"26":1,"27":1,"28":1,"29":1,"30":1},"branchMap":{},"b":{},"fnMap":{},"f":{}}
,"E:\\GoIT\\Github\\nodejs-rest-API\\src\\service\\schemas\\user.js": {"path":"E:\\GoIT\\Github\\nodejs-rest-API\\src\\service\\schemas\\user.js","all":false,"statementMap":{"0":{"start":{"line":1,"column":0},"end":{"line":1,"column":46}},"1":{"start":{"line":2,"column":0},"end":{"line":2,"column":35}},"2":{"start":{"line":3,"column":0},"end":{"line":3,"column":0}},"3":{"start":{"line":4,"column":0},"end":{"line":4,"column":24}},"4":{"start":{"line":5,"column":0},"end":{"line":5,"column":3}},"5":{"start":{"line":6,"column":0},"end":{"line":6,"column":15}},"6":{"start":{"line":7,"column":0},"end":{"line":7,"column":19}},"7":{"start":{"line":8,"column":0},"end":{"line":8,"column":19}},"8":{"start":{"line":9,"column":0},"end":{"line":9,"column":48}},"9":{"start":{"line":10,"column":0},"end":{"line":10,"column":6}},"10":{"start":{"line":11,"column":0},"end":{"line":11,"column":12}},"11":{"start":{"line":12,"column":0},"end":{"line":12,"column":19}},"12":{"start":{"line":13,"column":0},"end":{"line":13,"column":44}},"13":{"start":{"line":14,"column":0},"end":{"line":14,"column":19}},"14":{"start":{"line":15,"column":0},"end":{"line":15,"column":6}},"15":{"start":{"line":16,"column":0},"end":{"line":16,"column":19}},"16":{"start":{"line":17,"column":0},"end":{"line":17,"column":19}},"17":{"start":{"line":18,"column":0},"end":{"line":18,"column":43}},"18":{"start":{"line":19,"column":0},"end":{"line":19,"column":25}},"19":{"start":{"line":20,"column":0},"end":{"line":20,"column":6}},"20":{"start":{"line":21,"column":0},"end":{"line":21,"column":22}},"21":{"start":{"line":22,"column":0},"end":{"line":22,"column":18}},"22":{"start":{"line":23,"column":0},"end":{"line":23,"column":4}},"23":{"start":{"line":24,"column":0},"end":{"line":24,"column":41}},"24":{"start":{"line":25,"column":0},"end":{"line":25,"column":2}},"25":{"start":{"line":26,"column":0},"end":{"line":26,"column":0}},"26":{"start":{"line":27,"column":0},"end":{"line":27,"column":37}},"27":{"start":{"line":28,"column":0},"end":{"line":28,"column":10}},"28":{"start":{"line":29,"column":0},"end":{"line":29,"column":22}},"29":{"start":{"line":30,"column":0},"end":{"line":30,"column":36}},"30":{"start":{"line":31,"column":0},"end":{"line":31,"column":4}},"31":{"start":{"line":32,"column":0},"end":{"line":32,"column":2}},"32":{"start":{"line":33,"column":0},"end":{"line":33,"column":40}},"33":{"start":{"line":34,"column":0},"end":{"line":34,"column":7}},"34":{"start":{"line":35,"column":0},"end":{"line":35,"column":22}},"35":{"start":{"line":36,"column":0},"end":{"line":36,"column":20}},"36":{"start":{"line":37,"column":0},"end":{"line":37,"column":5}},"37":{"start":{"line":38,"column":0},"end":{"line":38,"column":57}},"38":{"start":{"line":39,"column":0},"end":{"line":39,"column":19}},"39":{"start":{"line":40,"column":0},"end":{"line":40,"column":16}},"40":{"start":{"line":41,"column":0},"end":{"line":41,"column":3}},"41":{"start":{"line":42,"column":0},"end":{"line":42,"column":3}},"42":{"start":{"line":43,"column":0},"end":{"line":43,"column":0}},"43":{"start":{"line":44,"column":0},"end":{"line":44,"column":33}},"44":{"start":{"line":45,"column":0},"end":{"line":45,"column":0}},"45":{"start":{"line":46,"column":0},"end":{"line":46,"column":22}}},"s":{"0":1,"1":1,"2":1,"3":1,"4":1,"5":1,"6":1,"7":1,"8":1,"9":1,"10":1,"11":1,"12":1,"13":1,"14":1,"15":1,"16":1,"17":1,"18":1,"19":1,"20":1,"21":1,"22":1,"23":1,"24":1,"25":1,"26":1,"27":0,"28":0,"29":0,"30":0,"31":0,"32":1,"33":0,"34":0,"35":0,"36":0,"37":0,"38":0,"39":0,"40":0,"41":1,"42":1,"43":1,"44":1,"45":1},"branchMap":{},"b":{},"fnMap":{"0":{"name":"Object.<anonymous>.user.methods.userData","decl":{"start":{"line":27,"column":24},"end":{"line":32,"column":2}},"loc":{"start":{"line":27,"column":24},"end":{"line":32,"column":2}},"line":27}},"f":{"0":0}}
}
