TN:
SF:src\controller\auth\index.js
FN:12,registrationController
FN:19,loginController
FN:38,logOutController
FN:49,currentUserController
FN:57,updateUserStatusController
FNF:5
FNH:5
FNDA:1,registrationController
FNDA:4,loginController
FNDA:3,logOutController
FNDA:3,currentUserController
FNDA:3,updateUserStatusController
DA:1,1
DA:2,1
DA:3,1
DA:4,1
DA:5,1
DA:6,1
DA:7,1
DA:8,1
DA:9,1
DA:10,1
DA:11,1
DA:12,1
DA:13,1
DA:14,1
DA:15,1
DA:16,1
DA:17,1
DA:18,1
DA:19,1
DA:20,4
DA:21,4
DA:22,1
DA:23,1
DA:24,2
DA:25,2
DA:26,4
DA:27,1
DA:28,1
DA:29,1
DA:30,1
DA:31,1
DA:32,1
DA:33,1
DA:34,1
DA:35,1
DA:36,1
DA:37,1
DA:38,1
DA:39,3
DA:40,3
DA:41,1
DA:42,1
DA:43,2
DA:44,2
DA:45,2
DA:46,2
DA:47,2
DA:48,1
DA:49,1
DA:50,3
DA:51,3
DA:52,1
DA:53,1
DA:54,1
DA:55,1
DA:56,1
DA:57,1
DA:58,3
DA:59,3
DA:60,1
DA:61,1
DA:62,1
DA:63,1
DA:64,1
DA:65,1
DA:66,1
DA:67,1
DA:68,1
DA:69,1
DA:70,1
DA:71,1
LF:71
LH:71
BRDA:12,0,0,1
BRDA:19,1,0,4
BRDA:20,2,0,3
BRDA:21,3,0,1
BRDA:23,4,0,2
BRDA:26,5,0,1
BRDA:38,6,0,3
BRDA:40,7,0,1
BRDA:42,8,0,2
BRDA:49,9,0,3
BRDA:50,10,0,2
BRDA:51,11,0,1
BRDA:57,12,0,3
BRDA:58,13,0,2
BRDA:59,14,0,1
BRF:15
BRH:15
end_of_record
TN:
SF:src\middlewares\checkJWT.js
FN:4,checkJwt
FNF:1
FNH:1
FNDA:7,checkJwt
DA:1,1
DA:2,1
DA:3,1
DA:4,1
DA:5,7
DA:6,7
DA:7,7
DA:8,7
DA:9,1
DA:10,1
DA:11,5
DA:12,5
DA:13,7
DA:14,1
DA:15,1
DA:16,4
DA:17,4
DA:18,4
DA:19,1
DA:20,1
DA:21,3
DA:22,3
DA:23,4
DA:24,2
DA:25,2
DA:26,1
DA:27,1
DA:28,1
DA:29,4
DA:30,7
DA:31,1
DA:32,1
DA:33,7
DA:34,1
DA:35,1
LF:35
LH:35
BRDA:4,0,0,7
BRDA:8,1,0,1
BRDA:10,2,0,5
BRDA:13,3,0,1
BRDA:15,4,0,4
BRDA:30,5,0,1
BRDA:17,6,0,4
BRDA:18,7,0,1
BRDA:20,8,0,3
BRDA:23,9,0,2
BRDA:23,10,0,2
BRDA:25,11,0,1
BRF:12
BRH:12
end_of_record
TN:
SF:src\service\auth\index.js
FN:3,registerUser
FN:7,loginUser
FN:11,findUser
FN:15,updateUserStatus
FNF:4
FNH:4
FNDA:1,registerUser
FNDA:3,loginUser
FNDA:8,findUser
FNDA:2,updateUserStatus
DA:1,1
DA:2,1
DA:3,1
DA:4,1
DA:5,1
DA:6,1
DA:7,1
DA:8,3
DA:9,3
DA:10,1
DA:11,1
DA:12,8
DA:13,8
DA:14,1
DA:15,1
DA:16,2
DA:17,2
DA:18,2
DA:19,2
DA:20,2
DA:21,1
DA:22,1
DA:23,1
DA:24,1
DA:25,1
DA:26,1
DA:27,1
LF:27
LH:27
BRDA:3,0,0,1
BRDA:7,1,0,3
BRDA:11,2,0,8
BRDA:15,3,0,2
BRF:4
BRH:4
end_of_record
TN:
SF:src\service\schemas\user.js
FN:27,Object.<anonymous>.user.methods.userData
FNF:1
FNH:0
FNDA:0,Object.<anonymous>.user.methods.userData
DA:1,1
DA:2,1
DA:3,1
DA:4,1
DA:5,1
DA:6,1
DA:7,1
DA:8,1
DA:9,1
DA:10,1
DA:11,1
DA:12,1
DA:13,1
DA:14,1
DA:15,1
DA:16,1
DA:17,1
DA:18,1
DA:19,1
DA:20,1
DA:21,1
DA:22,1
DA:23,1
DA:24,1
DA:25,1
DA:26,1
DA:27,1
DA:28,0
DA:29,0
DA:30,0
DA:31,0
DA:32,0
DA:33,1
DA:34,0
DA:35,0
DA:36,0
DA:37,0
DA:38,0
DA:39,0
DA:40,0
DA:41,0
DA:42,1
DA:43,1
DA:44,1
DA:45,1
DA:46,1
LF:46
LH:33
BRF:0
BRH:0
end_of_record
