TN:
SF:src\controller\api\index.js
FN:10,getContactsController
FN:19,getContactByIdController
FN:30,addContactController
FN:36,deleteContactController
FN:47,replaceContactController
FN:58,updateContactController
FNF:6
FNH:6
FNDA:2,getContactsController
FNDA:3,getContactByIdController
FNDA:2,addContactController
FNDA:3,deleteContactController
FNDA:3,replaceContactController
FNDA:3,updateContactController
DA:1,1
DA:2,1
DA:3,1
DA:4,1
DA:5,1
DA:6,1
DA:7,1
DA:8,1
DA:9,1
DA:10,1
DA:11,2
DA:12,2
DA:13,2
DA:14,2
DA:15,2
DA:16,1
DA:17,1
DA:18,1
DA:19,1
DA:20,3
DA:21,3
DA:22,1
DA:23,1
DA:24,1
DA:25,1
DA:26,1
DA:27,1
DA:28,1
DA:29,1
DA:30,1
DA:31,2
DA:32,1
DA:33,1
DA:34,1
DA:35,1
DA:36,1
DA:37,3
DA:38,3
DA:39,1
DA:40,1
DA:41,1
DA:42,1
DA:43,1
DA:44,1
DA:45,1
DA:46,1
DA:47,1
DA:48,3
DA:49,2
DA:50,3
DA:51,1
DA:52,1
DA:53,1
DA:54,1
DA:55,1
DA:56,1
DA:57,1
DA:58,1
DA:59,3
DA:60,3
DA:61,3
DA:62,3
DA:63,3
DA:64,2
DA:65,3
DA:66,1
DA:67,1
DA:68,1
DA:69,1
DA:70,1
DA:71,1
DA:72,1
DA:73,1
DA:74,1
DA:75,1
DA:76,1
DA:77,1
DA:78,1
DA:79,1
DA:80,1
LF:80
LH:80
BRDA:10,0,0,2
BRDA:12,1,0,0
BRDA:12,2,0,1
BRDA:15,3,0,1
BRDA:19,4,0,3
BRDA:20,5,0,2
BRDA:21,6,0,1
BRDA:30,7,0,2
BRDA:31,8,0,1
BRDA:36,9,0,3
BRDA:37,10,0,2
BRDA:38,11,0,1
BRDA:47,12,0,3
BRDA:48,13,0,2
BRDA:50,14,0,1
BRDA:58,15,0,3
BRDA:63,16,0,2
BRDA:65,17,0,1
BRF:18
BRH:17
end_of_record
TN:
SF:src\controller\auth\index.js
FN:12,registrationController
FN:19,loginController
FN:38,logOutController
FN:49,currentUserController
FN:57,updateUserStatusController
FNF:5
FNH:5
FNDA:1,registrationController
FNDA:4,loginController
FNDA:3,logOutController
FNDA:3,currentUserController
FNDA:3,updateUserStatusController
DA:1,1
DA:2,1
DA:3,1
DA:4,1
DA:5,1
DA:6,1
DA:7,1
DA:8,1
DA:9,1
DA:10,1
DA:11,1
DA:12,1
DA:13,1
DA:14,1
DA:15,1
DA:16,1
DA:17,1
DA:18,1
DA:19,1
DA:20,4
DA:21,4
DA:22,1
DA:23,1
DA:24,2
DA:25,2
DA:26,4
DA:27,1
DA:28,1
DA:29,1
DA:30,1
DA:31,1
DA:32,1
DA:33,1
DA:34,1
DA:35,1
DA:36,1
DA:37,1
DA:38,1
DA:39,3
DA:40,3
DA:41,1
DA:42,1
DA:43,1
DA:44,1
DA:45,1
DA:46,1
DA:47,1
DA:48,1
DA:49,1
DA:50,3
DA:51,3
DA:52,1
DA:53,1
DA:54,1
DA:55,1
DA:56,1
DA:57,1
DA:58,3
DA:59,3
DA:60,1
DA:61,1
DA:62,1
DA:63,1
DA:64,1
DA:65,1
DA:66,1
DA:67,1
DA:68,1
DA:69,1
DA:70,1
DA:71,1
LF:71
LH:71
BRDA:12,0,0,1
BRDA:19,1,0,4
BRDA:20,2,0,3
BRDA:21,3,0,1
BRDA:23,4,0,2
BRDA:26,5,0,1
BRDA:38,6,0,3
BRDA:39,7,0,2
BRDA:40,8,0,1
BRDA:49,9,0,3
BRDA:50,10,0,2
BRDA:51,11,0,1
BRDA:57,12,0,3
BRDA:58,13,0,2
BRDA:59,14,0,1
BRF:15
BRH:15
end_of_record
TN:
SF:src\controller\files\index.js
FN:3,uploadUserAvatarController
FNF:1
FNH:1
FNDA:3,uploadUserAvatarController
DA:1,1
DA:2,1
DA:3,1
DA:4,3
DA:5,3
DA:6,1
DA:7,1
DA:8,2
DA:9,2
DA:10,2
DA:11,2
DA:12,2
DA:13,2
DA:14,2
DA:15,2
DA:16,1
DA:17,1
LF:17
LH:17
BRDA:3,0,0,3
BRDA:5,1,0,1
BRDA:7,2,0,2
BRF:3
BRH:3
end_of_record
TN:
SF:src\middlewares\checkJWT.js
FN:4,checkJwt
FNF:1
FNH:1
FNDA:7,checkJwt
DA:1,1
DA:2,1
DA:3,1
DA:4,1
DA:5,7
DA:6,7
DA:7,7
DA:8,7
DA:9,1
DA:10,1
DA:11,5
DA:12,5
DA:13,7
DA:14,1
DA:15,1
DA:16,4
DA:17,4
DA:18,4
DA:19,1
DA:20,1
DA:21,3
DA:22,3
DA:23,4
DA:24,2
DA:25,2
DA:26,1
DA:27,1
DA:28,1
DA:29,4
DA:30,7
DA:31,1
DA:32,1
DA:33,7
DA:34,1
DA:35,1
LF:35
LH:35
BRDA:4,0,0,7
BRDA:8,1,0,1
BRDA:10,2,0,5
BRDA:13,3,0,1
BRDA:15,4,0,4
BRDA:30,5,0,1
BRDA:17,6,0,4
BRDA:18,7,0,1
BRDA:20,8,0,3
BRDA:23,9,0,2
BRDA:23,10,0,2
BRDA:25,11,0,1
BRF:12
BRH:12
end_of_record
TN:
SF:src\service\api\index.js
FN:3,getContacts
FN:14,getContactById
FN:20,addContact
FN:26,deleteContact
FN:32,replaceContact
FN:41,updateStatusContact
FNF:6
FNH:6
FNDA:2,getContacts
FNDA:3,getContactById
FNDA:2,addContact
FNDA:3,deleteContact
FNDA:3,replaceContact
FNDA:3,updateStatusContact
DA:1,1
DA:2,1
DA:3,1
DA:4,2
DA:5,2
DA:6,2
DA:7,2
DA:8,2
DA:9,2
DA:10,2
DA:11,2
DA:12,2
DA:13,1
DA:14,1
DA:15,3
DA:16,3
DA:17,3
DA:18,3
DA:19,1
DA:20,1
DA:21,2
DA:22,2
DA:23,2
DA:24,2
DA:25,1
DA:26,1
DA:27,3
DA:28,3
DA:29,3
DA:30,3
DA:31,1
DA:32,1
DA:33,3
DA:34,3
DA:35,3
DA:36,3
DA:37,3
DA:38,3
DA:39,3
DA:40,1
DA:41,1
DA:42,3
DA:43,3
DA:44,3
DA:45,3
DA:46,3
DA:47,3
DA:48,3
DA:49,1
DA:50,1
DA:51,1
DA:52,1
DA:53,1
DA:54,1
DA:55,1
DA:56,1
DA:57,1
LF:57
LH:57
BRDA:3,0,0,2
BRDA:14,1,0,3
BRDA:17,2,0,1
BRDA:20,3,0,2
BRDA:23,4,0,1
BRDA:26,5,0,3
BRDA:29,6,0,1
BRDA:32,7,0,3
BRDA:38,8,0,1
BRDA:41,9,0,3
BRDA:47,10,0,1
BRF:11
BRH:11
end_of_record
TN:
SF:src\service\auth\index.js
FN:3,registerUser
FN:9,loginUser
FN:15,findUser
FN:21,updateUserStatus
FNF:4
FNH:4
FNDA:2,registerUser
FNDA:4,loginUser
FNDA:11,findUser
FNDA:3,updateUserStatus
DA:1,1
DA:2,1
DA:3,1
DA:4,2
DA:5,2
DA:6,2
DA:7,2
DA:8,1
DA:9,1
DA:10,4
DA:11,4
DA:12,4
DA:13,4
DA:14,1
DA:15,1
DA:16,11
DA:17,11
DA:18,11
DA:19,11
DA:20,1
DA:21,1
DA:22,3
DA:23,3
DA:24,3
DA:25,3
DA:26,3
DA:27,3
DA:28,3
DA:29,1
DA:30,1
DA:31,1
DA:32,1
DA:33,1
DA:34,1
DA:35,1
LF:35
LH:35
BRDA:3,0,0,2
BRDA:6,1,0,1
BRDA:9,2,0,4
BRDA:12,3,0,1
BRDA:15,4,0,11
BRDA:18,5,0,1
BRDA:21,6,0,3
BRDA:27,7,0,1
BRF:8
BRH:8
end_of_record
TN:
SF:src\service\schemas\contact.js
FNF:0
FNH:0
DA:1,1
DA:2,1
DA:3,1
DA:4,1
DA:5,1
DA:6,1
DA:7,1
DA:8,1
DA:9,1
DA:10,1
DA:11,1
DA:12,1
DA:13,1
DA:14,1
DA:15,1
DA:16,1
DA:17,1
DA:18,1
DA:19,1
DA:20,1
DA:21,1
DA:22,1
DA:23,1
DA:24,1
DA:25,1
DA:26,1
DA:27,1
DA:28,1
DA:29,1
DA:30,1
DA:31,1
LF:31
LH:31
BRF:0
BRH:0
end_of_record
TN:
SF:src\service\schemas\user.js
FN:27,Object.<anonymous>.user.methods.userData
FNF:1
FNH:0
FNDA:0,Object.<anonymous>.user.methods.userData
DA:1,1
DA:2,1
DA:3,1
DA:4,1
DA:5,1
DA:6,1
DA:7,1
DA:8,1
DA:9,1
DA:10,1
DA:11,1
DA:12,1
DA:13,1
DA:14,1
DA:15,1
DA:16,1
DA:17,1
DA:18,1
DA:19,1
DA:20,1
DA:21,1
DA:22,1
DA:23,1
DA:24,1
DA:25,1
DA:26,1
DA:27,1
DA:28,0
DA:29,0
DA:30,0
DA:31,0
DA:32,0
DA:33,1
DA:34,0
DA:35,0
DA:36,0
DA:37,0
DA:38,0
DA:39,0
DA:40,0
DA:41,0
DA:42,1
DA:43,1
DA:44,1
DA:45,1
DA:46,1
LF:46
LH:33
BRF:0
BRH:0
end_of_record
